Network data loading completed: 9 variables, 21 factors
MARKOV network
Ordering computed
Order:
0, 8, 2, 6, 1, 7, 4, 5, 3, 
Evidence loaded, and variables instantiation completed
Elimination completed
Z = 2.7460202501519346E61
Z = 5.091052092684899E63
Z = 7.352907293980291E62
Z = 2.050468662737991E65
Z = 6.0096588254671026E57
Z = 2.1488018353841484E55
Z = 1.4914204694062448E56
Z = 1.1677855168360261E54
Z = 2.1881481472504123E61
Z = 7.815479122696051E58
Z = 5.429834073632246E59
Z = 2.6688248600623334E57
Z = 1.4945130805138865E73
Z = 5.33798706176128E70
Z = 3.7085949623306894E71
Z = 1.8226542299568974E69
Z = 9.157054745355822E61
Z = 2.562829218214176E64
Z = 3.661671385271338E63
Z = 1.0340287341227727E66
Z = 3.4458461797644434E57
Z = 3.723040279336136E55
Z = 1.041445021726222E56
Z = 2.962960165801859E56
Z = 1.2546535841810609E61
Z = 1.3536731099070589E59
Z = 3.7916932521494544E59
Z = 1.071126611052958E60
Z = 8.56932933170197E72
Z = 9.245636264072023E70
Z = 2.5897401997119236E71
Z = 7.315833307328938E71
Z = 3.4154291570077947E68
Z = 9.472875492690521E70
Z = 1.3537099880046689E70
Z = 3.821915662185539E72
Z = 5.000614597896601E56
Z = 1.386943713363661E59
Z = 1.9819954870358053E58
Z = 5.59574741967186E60
Z = 4.1613349611135834E54
Z = 4.211652781706653E55
Z = 9.45323298927755E54
Z = 1.541575519853857E57
Z = 2.7467121413855992E66
Z = 2.748810035306524E66
Z = 2.738602754440514E66
Z = 3.227154132168341E66
Z = 1.722441007706574E69
Z = 4.777282297200946E71
Z = 6.826918358518766E70
Z = 1.927436927530353E73
Z = 2.5302893788738922E57
Z = 6.994667493121337E59
Z = 9.996366411477726E58
Z = 2.822027598615519E61
Z = 3.058855271410799E58
Z = 5.357729694327617E58
Z = 3.379657459144531E58
Z = 9.616386286928713E59
Z = 2.0891343280184597E70
Z = 3.646179941058991E70
Z = 2.306412903769838E70
Z = 6.515003673972708E71
Z = 3.2277741991224554E67
Z = 1.1483229197242372E65
Z = 8.005203875300314E65
Z = 3.3921413286665705E63
Z = 7.516120489177986E67
Z = 2.684214215110119E65
Z = 1.865072802677592E66
Z = 9.126858130579055E63
Z = 2.7366645088888693E71
Z = 9.77338481653835E68
Z = 6.79084183644066E69
Z = 3.323143893660144E67
Z = 1.869151751545368E83
Z = 6.675257156669865E80
Z = 4.638169520532403E81
Z = 2.2697192912609643E79
Z = 2.631502438309226E62
Z = 9.616257757615797E59
Z = 6.551263740079028E60
Z = 5.404548153039259E58
Z = 4.2869657042757415E67
Z = 1.530993857227502E65
Z = 1.0637805972016055E66
Z = 5.205681538936819E63
Z = 1.5609103968903283E71
Z = 5.574442144331008E68
Z = 3.873290128087728E69
Z = 1.8954204436303818E67
Z = 1.0661074432294393E83
Z = 3.8073641342660117E80
Z = 2.6454711580933677E81
Z = 1.294579014291474E79
Z = 4.0743747293449342E65
Z = 1.451500306419822E63
Z = 1.0100525840374822E64
Z = 3.4031352333906914E62
Z = 2.0175662102754785E60
Z = 7.17414179656636E57
Z = 5.0034129653656274E58
Z = 2.083888054757408E56
Z = 2.0286876212709213E62
Z = 7.213693886340406E59
Z = 5.030993830208099E60
Z = 2.0954428295998168E58
Z = 1.1785856722697417E74
Z = 4.1908657974423484E71
Z = 2.9228045317750568E72
Z = 1.2173753283208113E70
Z = 3.5382218984936846E60
Z = 3.797092365481936E61
Z = 5.575022062696416E60
Z = 1.52836659278733E63
Z = 1.150759505310766E60
Z = 4.093240375372602E57
Z = 2.853926419232267E58
Z = 1.2041704494327595E56
Z = 1.1571498980197599E62
Z = 4.162705930735724E59
Z = 2.8743316326151368E60
Z = 1.760135883920186E58
Z = 6.722623135729903E73
Z = 2.423286129897214E71
Z = 1.6703610858421277E72
Z = 1.0802178277500634E70
Z = 5.453761741254052E65
Z = 1.0112107215915155E68
Z = 1.4604717130339895E67
Z = 4.072745445021722E69
Z = 1.3114804880412339E54
Z = 2.0694644828819675E56
Z = 2.9804825702302566E55
Z = 8.339112205562825E57
Z = 1.101661222085937E57
Z = 7.80353503380085E54
Z = 2.788990504298991E55
Z = 1.56224751639645E56
Z = 7.524291115223668E68
Z = 2.687468524020566E66
Z = 1.8671330809291316E67
Z = 9.176355094603377E64
Z = 1.8188209201409744E66
Z = 5.090422115635013E68
Z = 7.272998476529864E67
Z = 2.053840614495843E70
Z = 3.897602329321308E54
Z = 1.0423000904099107E57
Z = 1.4892475137484972E56
Z = 4.205378650384156E58
Z = 6.317390232767225E56
Z = 2.635965074894904E55
Z = 2.1882128191970287E55
Z = 8.424895531473285E56
Z = 4.314324269072924E68
Z = 4.677463837051285E66
Z = 1.3041567938998598E67
Z = 3.774610842501737E67
Z = 6.783899602699552E72
Z = 1.8815508487253125E75
Z = 2.6888078269618294E74
Z = 7.59128383297194E76
Z = 9.932450842544727E60
Z = 2.7548183798704147E63
Z = 3.936740389807692E62
Z = 1.1114559164878179E65
Z = 2.7279216296123122E57
Z = 7.566036023880591E59
Z = 1.0812153669087928E59
Z = 3.052584359957359E61
Z = 1.382862563750318E62
Z = 1.3839213655828566E62
Z = 1.3787801660002661E62
Z = 1.624851414149868E62
Z = 3.4212001861845536E73
Z = 9.488881773897208E75
Z = 1.3559973464827074E75
Z = 3.8283735383808124E77
Z = 5.0090524442550545E61
Z = 1.3892874995587702E64
Z = 1.985344751600183E63
Z = 5.605203676555439E65
Z = 1.3782678502483176E58
Z = 3.8223356913101084E60
Z = 5.4622745879423675E59
Z = 1.542154728162864E62
Z = 1.0518728239807089E66
Z = 1.8567233843283826E66
Z = 1.1641914149655381E66
Z = 3.364835394456626E67
Z = 3.31249728139805E67
Z = 1.2661382066644093E66
Z = 1.9452383135421877E66
Z = 1.1607100909247534E66
Z = 3.7840649135637186E63
Z = 1.3513942629448914E61
Z = 9.389892949370164E61
Z = 4.595023797737851E59
Z = 1.3778039508506404E67
Z = 4.920518452179502E64
Z = 3.4189242713016544E65
Z = 1.673073469942852E63
Z = 9.410450868935622E78
Z = 3.360731918016662E76
Z = 2.33513765582053E77
Z = 1.14271523748821E75
Z = 6.969601158217541E62
Z = 4.366373839897674E62
Z = 4.421137130567642E62
Z = 4.391972038702505E62
Z = 2.15831576301849E63
Z = 7.707941708316902E60
Z = 5.35570981841574E61
Z = 2.620852445621033E59
Z = 7.858575667027312E66
Z = 2.806514421325182E64
Z = 1.9500506635465744E65
Z = 9.542703416400137E62
Z = 5.36743563342171E78
Z = 1.916859511060853E76
Z = 1.3318916635763377E77
Z = 6.517700983814063E74
Z = 4.360652794187035E65
Z = 1.799144060181355E65
Z = 6.067406313043438E64
Z = 6.048536266609543E66
Z = 1.0221481320123532E56
Z = 6.246058492301147E53
Z = 2.6078519019702442E54
Z = 8.866281471939099E54
Z = 1.021365190580987E58
Z = 3.631821038253976E55
Z = 2.5329096136941553E56
Z = 1.0574060466028906E54
Z = 5.9337196964109974E69
Z = 2.1099376576849706E67
Z = 1.471518212634752E68
Z = 6.129010502622804E65
Z = 4.3094305859581315E63
Z = 7.539632832457715E65
Z = 1.0909796480820625E65
Z = 3.035719003061082E67
Z = 5.7943373015045E55
Z = 1.31088707069983E54
Z = 1.5974856052686786E54
Z = 4.4453593287105445E55
Z = 5.8257989356954665E57
Z = 2.0957966043560516E55
Z = 1.4471150222403482E56
Z = 8.984485397614481E53
Z = 3.3845788431491457E69
Z = 1.2200301579538716E67
Z = 8.409617313684479E67
Z = 5.438475922924801E65
